[2014-10-23 01:18:33] production.ERROR: exception 'Symfony\Component\HttpKernel\Exception\NotFoundHttpException' in /Applications/MAMP/htdocs/laravel_codecanyon/protected/vendor/laravel/framework/src/Illuminate/Routing/RouteCollection.php:146
Stack trace:
#0 /Applications/MAMP/htdocs/laravel_codecanyon/protected/vendor/laravel/framework/src/Illuminate/Routing/Router.php(1021): Illuminate\Routing\RouteCollection->match(Object(Illuminate\Http\Request))
#1 /Applications/MAMP/htdocs/laravel_codecanyon/protected/vendor/laravel/framework/src/Illuminate/Routing/Router.php(989): Illuminate\Routing\Router->findRoute(Object(Illuminate\Http\Request))
#2 /Applications/MAMP/htdocs/laravel_codecanyon/protected/vendor/laravel/framework/src/Illuminate/Routing/Router.php(968): Illuminate\Routing\Router->dispatchToRoute(Object(Illuminate\Http\Request))
#3 /Applications/MAMP/htdocs/laravel_codecanyon/protected/vendor/laravel/framework/src/Illuminate/Foundation/Application.php(738): Illuminate\Routing\Router->dispatch(Object(Illuminate\Http\Request))
#4 /Applications/MAMP/htdocs/laravel_codecanyon/protected/vendor/laravel/framework/src/Illuminate/Foundation/Application.php(708): Illuminate\Foundation\Application->dispatch(Object(Illuminate\Http\Request))
#5 /Applications/MAMP/htdocs/laravel_codecanyon/protected/vendor/laravel/framework/src/Illuminate/Http/FrameGuard.php(38): Illuminate\Foundation\Application->handle(Object(Illuminate\Http\Request), 1, true)
#6 /Applications/MAMP/htdocs/laravel_codecanyon/protected/vendor/laravel/framework/src/Illuminate/Session/Middleware.php(72): Illuminate\Http\FrameGuard->handle(Object(Illuminate\Http\Request), 1, true)
#7 /Applications/MAMP/htdocs/laravel_codecanyon/protected/vendor/laravel/framework/src/Illuminate/Cookie/Queue.php(47): Illuminate\Session\Middleware->handle(Object(Illuminate\Http\Request), 1, true)
#8 /Applications/MAMP/htdocs/laravel_codecanyon/protected/vendor/laravel/framework/src/Illuminate/Cookie/Guard.php(51): Illuminate\Cookie\Queue->handle(Object(Illuminate\Http\Request), 1, true)
#9 /Applications/MAMP/htdocs/laravel_codecanyon/protected/vendor/stack/builder/src/Stack/StackedHttpKernel.php(23): Illuminate\Cookie\Guard->handle(Object(Illuminate\Http\Request), 1, true)
#10 /Applications/MAMP/htdocs/laravel_codecanyon/protected/vendor/laravel/framework/src/Illuminate/Foundation/Application.php(606): Stack\StackedHttpKernel->handle(Object(Illuminate\Http\Request))
#11 /Applications/MAMP/htdocs/laravel_codecanyon/index.php(49): Illuminate\Foundation\Application->run()
#12 {main} [] []
[2014-10-23 01:18:34] production.ERROR: exception 'Symfony\Component\HttpKernel\Exception\NotFoundHttpException' in /Applications/MAMP/htdocs/laravel_codecanyon/protected/vendor/laravel/framework/src/Illuminate/Routing/RouteCollection.php:146
Stack trace:
#0 /Applications/MAMP/htdocs/laravel_codecanyon/protected/vendor/laravel/framework/src/Illuminate/Routing/Router.php(1021): Illuminate\Routing\RouteCollection->match(Object(Illuminate\Http\Request))
#1 /Applications/MAMP/htdocs/laravel_codecanyon/protected/vendor/laravel/framework/src/Illuminate/Routing/Router.php(989): Illuminate\Routing\Router->findRoute(Object(Illuminate\Http\Request))
#2 /Applications/MAMP/htdocs/laravel_codecanyon/protected/vendor/laravel/framework/src/Illuminate/Routing/Router.php(968): Illuminate\Routing\Router->dispatchToRoute(Object(Illuminate\Http\Request))
#3 /Applications/MAMP/htdocs/laravel_codecanyon/protected/vendor/laravel/framework/src/Illuminate/Foundation/Application.php(738): Illuminate\Routing\Router->dispatch(Object(Illuminate\Http\Request))
#4 /Applications/MAMP/htdocs/laravel_codecanyon/protected/vendor/laravel/framework/src/Illuminate/Foundation/Application.php(708): Illuminate\Foundation\Application->dispatch(Object(Illuminate\Http\Request))
#5 /Applications/MAMP/htdocs/laravel_codecanyon/protected/vendor/laravel/framework/src/Illuminate/Http/FrameGuard.php(38): Illuminate\Foundation\Application->handle(Object(Illuminate\Http\Request), 1, true)
#6 /Applications/MAMP/htdocs/laravel_codecanyon/protected/vendor/laravel/framework/src/Illuminate/Session/Middleware.php(72): Illuminate\Http\FrameGuard->handle(Object(Illuminate\Http\Request), 1, true)
#7 /Applications/MAMP/htdocs/laravel_codecanyon/protected/vendor/laravel/framework/src/Illuminate/Cookie/Queue.php(47): Illuminate\Session\Middleware->handle(Object(Illuminate\Http\Request), 1, true)
#8 /Applications/MAMP/htdocs/laravel_codecanyon/protected/vendor/laravel/framework/src/Illuminate/Cookie/Guard.php(51): Illuminate\Cookie\Queue->handle(Object(Illuminate\Http\Request), 1, true)
#9 /Applications/MAMP/htdocs/laravel_codecanyon/protected/vendor/stack/builder/src/Stack/StackedHttpKernel.php(23): Illuminate\Cookie\Guard->handle(Object(Illuminate\Http\Request), 1, true)
#10 /Applications/MAMP/htdocs/laravel_codecanyon/protected/vendor/laravel/framework/src/Illuminate/Foundation/Application.php(606): Stack\StackedHttpKernel->handle(Object(Illuminate\Http\Request))
#11 /Applications/MAMP/htdocs/laravel_codecanyon/index.php(49): Illuminate\Foundation\Application->run()
#12 {main} [] []
[2014-10-23 01:18:38] production.ERROR: exception 'Symfony\Component\HttpKernel\Exception\NotFoundHttpException' in /Applications/MAMP/htdocs/laravel_codecanyon/protected/vendor/laravel/framework/src/Illuminate/Routing/RouteCollection.php:146
Stack trace:
#0 /Applications/MAMP/htdocs/laravel_codecanyon/protected/vendor/laravel/framework/src/Illuminate/Routing/Router.php(1021): Illuminate\Routing\RouteCollection->match(Object(Illuminate\Http\Request))
#1 /Applications/MAMP/htdocs/laravel_codecanyon/protected/vendor/laravel/framework/src/Illuminate/Routing/Router.php(989): Illuminate\Routing\Router->findRoute(Object(Illuminate\Http\Request))
#2 /Applications/MAMP/htdocs/laravel_codecanyon/protected/vendor/laravel/framework/src/Illuminate/Routing/Router.php(968): Illuminate\Routing\Router->dispatchToRoute(Object(Illuminate\Http\Request))
#3 /Applications/MAMP/htdocs/laravel_codecanyon/protected/vendor/laravel/framework/src/Illuminate/Foundation/Application.php(738): Illuminate\Routing\Router->dispatch(Object(Illuminate\Http\Request))
#4 /Applications/MAMP/htdocs/laravel_codecanyon/protected/vendor/laravel/framework/src/Illuminate/Foundation/Application.php(708): Illuminate\Foundation\Application->dispatch(Object(Illuminate\Http\Request))
#5 /Applications/MAMP/htdocs/laravel_codecanyon/protected/vendor/laravel/framework/src/Illuminate/Http/FrameGuard.php(38): Illuminate\Foundation\Application->handle(Object(Illuminate\Http\Request), 1, true)
#6 /Applications/MAMP/htdocs/laravel_codecanyon/protected/vendor/laravel/framework/src/Illuminate/Session/Middleware.php(72): Illuminate\Http\FrameGuard->handle(Object(Illuminate\Http\Request), 1, true)
#7 /Applications/MAMP/htdocs/laravel_codecanyon/protected/vendor/laravel/framework/src/Illuminate/Cookie/Queue.php(47): Illuminate\Session\Middleware->handle(Object(Illuminate\Http\Request), 1, true)
#8 /Applications/MAMP/htdocs/laravel_codecanyon/protected/vendor/laravel/framework/src/Illuminate/Cookie/Guard.php(51): Illuminate\Cookie\Queue->handle(Object(Illuminate\Http\Request), 1, true)
#9 /Applications/MAMP/htdocs/laravel_codecanyon/protected/vendor/stack/builder/src/Stack/StackedHttpKernel.php(23): Illuminate\Cookie\Guard->handle(Object(Illuminate\Http\Request), 1, true)
#10 /Applications/MAMP/htdocs/laravel_codecanyon/protected/vendor/laravel/framework/src/Illuminate/Foundation/Application.php(606): Stack\StackedHttpKernel->handle(Object(Illuminate\Http\Request))
#11 /Applications/MAMP/htdocs/laravel_codecanyon/index.php(49): Illuminate\Foundation\Application->run()
#12 {main} [] []
[2014-10-23 05:02:33] production.ERROR: exception 'Symfony\Component\HttpKernel\Exception\NotFoundHttpException' in /Applications/MAMP/htdocs/laravel_codecanyon/protected/vendor/laravel/framework/src/Illuminate/Routing/RouteCollection.php:146
Stack trace:
#0 /Applications/MAMP/htdocs/laravel_codecanyon/protected/vendor/laravel/framework/src/Illuminate/Routing/Router.php(1021): Illuminate\Routing\RouteCollection->match(Object(Illuminate\Http\Request))
#1 /Applications/MAMP/htdocs/laravel_codecanyon/protected/vendor/laravel/framework/src/Illuminate/Routing/Router.php(989): Illuminate\Routing\Router->findRoute(Object(Illuminate\Http\Request))
#2 /Applications/MAMP/htdocs/laravel_codecanyon/protected/vendor/laravel/framework/src/Illuminate/Routing/Router.php(968): Illuminate\Routing\Router->dispatchToRoute(Object(Illuminate\Http\Request))
#3 /Applications/MAMP/htdocs/laravel_codecanyon/protected/vendor/laravel/framework/src/Illuminate/Foundation/Application.php(738): Illuminate\Routing\Router->dispatch(Object(Illuminate\Http\Request))
#4 /Applications/MAMP/htdocs/laravel_codecanyon/protected/vendor/laravel/framework/src/Illuminate/Foundation/Application.php(708): Illuminate\Foundation\Application->dispatch(Object(Illuminate\Http\Request))
#5 /Applications/MAMP/htdocs/laravel_codecanyon/protected/vendor/laravel/framework/src/Illuminate/Http/FrameGuard.php(38): Illuminate\Foundation\Application->handle(Object(Illuminate\Http\Request), 1, true)
#6 /Applications/MAMP/htdocs/laravel_codecanyon/protected/vendor/laravel/framework/src/Illuminate/Session/Middleware.php(72): Illuminate\Http\FrameGuard->handle(Object(Illuminate\Http\Request), 1, true)
#7 /Applications/MAMP/htdocs/laravel_codecanyon/protected/vendor/laravel/framework/src/Illuminate/Cookie/Queue.php(47): Illuminate\Session\Middleware->handle(Object(Illuminate\Http\Request), 1, true)
#8 /Applications/MAMP/htdocs/laravel_codecanyon/protected/vendor/laravel/framework/src/Illuminate/Cookie/Guard.php(51): Illuminate\Cookie\Queue->handle(Object(Illuminate\Http\Request), 1, true)
#9 /Applications/MAMP/htdocs/laravel_codecanyon/protected/vendor/stack/builder/src/Stack/StackedHttpKernel.php(23): Illuminate\Cookie\Guard->handle(Object(Illuminate\Http\Request), 1, true)
#10 /Applications/MAMP/htdocs/laravel_codecanyon/protected/vendor/laravel/framework/src/Illuminate/Foundation/Application.php(606): Stack\StackedHttpKernel->handle(Object(Illuminate\Http\Request))
#11 /Applications/MAMP/htdocs/laravel_codecanyon/index.php(49): Illuminate\Foundation\Application->run()
#12 {main} [] []
[2014-10-23 05:02:44] production.ERROR: exception 'Symfony\Component\HttpKernel\Exception\NotFoundHttpException' in /Applications/MAMP/htdocs/laravel_codecanyon/protected/vendor/laravel/framework/src/Illuminate/Routing/RouteCollection.php:146
Stack trace:
#0 /Applications/MAMP/htdocs/laravel_codecanyon/protected/vendor/laravel/framework/src/Illuminate/Routing/Router.php(1021): Illuminate\Routing\RouteCollection->match(Object(Illuminate\Http\Request))
#1 /Applications/MAMP/htdocs/laravel_codecanyon/protected/vendor/laravel/framework/src/Illuminate/Routing/Router.php(989): Illuminate\Routing\Router->findRoute(Object(Illuminate\Http\Request))
#2 /Applications/MAMP/htdocs/laravel_codecanyon/protected/vendor/laravel/framework/src/Illuminate/Routing/Router.php(968): Illuminate\Routing\Router->dispatchToRoute(Object(Illuminate\Http\Request))
#3 /Applications/MAMP/htdocs/laravel_codecanyon/protected/vendor/laravel/framework/src/Illuminate/Foundation/Application.php(738): Illuminate\Routing\Router->dispatch(Object(Illuminate\Http\Request))
#4 /Applications/MAMP/htdocs/laravel_codecanyon/protected/vendor/laravel/framework/src/Illuminate/Foundation/Application.php(708): Illuminate\Foundation\Application->dispatch(Object(Illuminate\Http\Request))
#5 /Applications/MAMP/htdocs/laravel_codecanyon/protected/vendor/laravel/framework/src/Illuminate/Http/FrameGuard.php(38): Illuminate\Foundation\Application->handle(Object(Illuminate\Http\Request), 1, true)
#6 /Applications/MAMP/htdocs/laravel_codecanyon/protected/vendor/laravel/framework/src/Illuminate/Session/Middleware.php(72): Illuminate\Http\FrameGuard->handle(Object(Illuminate\Http\Request), 1, true)
#7 /Applications/MAMP/htdocs/laravel_codecanyon/protected/vendor/laravel/framework/src/Illuminate/Cookie/Queue.php(47): Illuminate\Session\Middleware->handle(Object(Illuminate\Http\Request), 1, true)
#8 /Applications/MAMP/htdocs/laravel_codecanyon/protected/vendor/laravel/framework/src/Illuminate/Cookie/Guard.php(51): Illuminate\Cookie\Queue->handle(Object(Illuminate\Http\Request), 1, true)
#9 /Applications/MAMP/htdocs/laravel_codecanyon/protected/vendor/stack/builder/src/Stack/StackedHttpKernel.php(23): Illuminate\Cookie\Guard->handle(Object(Illuminate\Http\Request), 1, true)
#10 /Applications/MAMP/htdocs/laravel_codecanyon/protected/vendor/laravel/framework/src/Illuminate/Foundation/Application.php(606): Stack\StackedHttpKernel->handle(Object(Illuminate\Http\Request))
#11 /Applications/MAMP/htdocs/laravel_codecanyon/index.php(49): Illuminate\Foundation\Application->run()
#12 {main} [] []
[2014-10-23 06:33:39] production.ERROR: exception 'Symfony\Component\Debug\Exception\FatalErrorException' with message 'Access to undeclared static property: Ncategories::$category_langs' in /Applications/MAMP/htdocs/laravel_codecanyon/protected/app/controllers/NcategoriesController.php:150
Stack trace:
#0 [internal function]: Illuminate\Exception\Handler->handleShutdown()
#1 {main} [] []
[2014-10-23 06:34:28] production.ERROR: exception 'ErrorException' with message 'Undefined variable: md' in /Applications/MAMP/htdocs/laravel_codecanyon/protected/app/controllers/NcategoriesController.php:183
Stack trace:
#0 /Applications/MAMP/htdocs/laravel_codecanyon/protected/app/controllers/NcategoriesController.php(183): Illuminate\Exception\Handler->handleError(8, 'Undefined varia...', '/Applications/M...', 183, Array)
#1 [internal function]: NcategoriesController->postSave('L4a9y-AIIs')
#2 /Applications/MAMP/htdocs/laravel_codecanyon/protected/vendor/laravel/framework/src/Illuminate/Routing/Controller.php(231): call_user_func_array(Array, Array)
#3 /Applications/MAMP/htdocs/laravel_codecanyon/protected/vendor/laravel/framework/src/Illuminate/Routing/ControllerDispatcher.php(93): Illuminate\Routing\Controller->callAction('postSave', Array)
#4 /Applications/MAMP/htdocs/laravel_codecanyon/protected/vendor/laravel/framework/src/Illuminate/Routing/ControllerDispatcher.php(62): Illuminate\Routing\ControllerDispatcher->call(Object(NcategoriesController), Object(Illuminate\Routing\Route), 'postSave')
#5 /Applications/MAMP/htdocs/laravel_codecanyon/protected/vendor/laravel/framework/src/Illuminate/Routing/Router.php(934): Illuminate\Routing\ControllerDispatcher->dispatch(Object(Illuminate\Routing\Route), Object(Illuminate\Http\Request), 'NcategoriesCont...', 'postSave')
#6 [internal function]: Illuminate\Routing\Router->Illuminate\Routing\{closure}('L4a9y-AIIs')
#7 /Applications/MAMP/htdocs/laravel_codecanyon/protected/vendor/laravel/framework/src/Illuminate/Routing/Route.php(104): call_user_func_array(Object(Closure), Array)
#8 /Applications/MAMP/htdocs/laravel_codecanyon/protected/vendor/laravel/framework/src/Illuminate/Routing/Router.php(1000): Illuminate\Routing\Route->run(Object(Illuminate\Http\Request))
#9 /Applications/MAMP/htdocs/laravel_codecanyon/protected/vendor/laravel/framework/src/Illuminate/Routing/Router.php(968): Illuminate\Routing\Router->dispatchToRoute(Object(Illuminate\Http\Request))
#10 /Applications/MAMP/htdocs/laravel_codecanyon/protected/vendor/laravel/framework/src/Illuminate/Foundation/Application.php(738): Illuminate\Routing\Router->dispatch(Object(Illuminate\Http\Request))
#11 /Applications/MAMP/htdocs/laravel_codecanyon/protected/vendor/laravel/framework/src/Illuminate/Foundation/Application.php(708): Illuminate\Foundation\Application->dispatch(Object(Illuminate\Http\Request))
#12 /Applications/MAMP/htdocs/laravel_codecanyon/protected/vendor/laravel/framework/src/Illuminate/Http/FrameGuard.php(38): Illuminate\Foundation\Application->handle(Object(Illuminate\Http\Request), 1, true)
#13 /Applications/MAMP/htdocs/laravel_codecanyon/protected/vendor/laravel/framework/src/Illuminate/Session/Middleware.php(72): Illuminate\Http\FrameGuard->handle(Object(Illuminate\Http\Request), 1, true)
#14 /Applications/MAMP/htdocs/laravel_codecanyon/protected/vendor/laravel/framework/src/Illuminate/Cookie/Queue.php(47): Illuminate\Session\Middleware->handle(Object(Illuminate\Http\Request), 1, true)
#15 /Applications/MAMP/htdocs/laravel_codecanyon/protected/vendor/laravel/framework/src/Illuminate/Cookie/Guard.php(51): Illuminate\Cookie\Queue->handle(Object(Illuminate\Http\Request), 1, true)
#16 /Applications/MAMP/htdocs/laravel_codecanyon/protected/vendor/stack/builder/src/Stack/StackedHttpKernel.php(23): Illuminate\Cookie\Guard->handle(Object(Illuminate\Http\Request), 1, true)
#17 /Applications/MAMP/htdocs/laravel_codecanyon/protected/vendor/laravel/framework/src/Illuminate/Foundation/Application.php(606): Stack\StackedHttpKernel->handle(Object(Illuminate\Http\Request))
#18 /Applications/MAMP/htdocs/laravel_codecanyon/index.php(49): Illuminate\Foundation\Application->run()
#19 {main} [] []
[2014-10-23 06:39:13] production.ERROR: exception 'ErrorException' with message 'Undefined variable: md' in /Applications/MAMP/htdocs/laravel_codecanyon/protected/app/controllers/NcategoriesController.php:184
Stack trace:
#0 /Applications/MAMP/htdocs/laravel_codecanyon/protected/app/controllers/NcategoriesController.php(184): Illuminate\Exception\Handler->handleError(8, 'Undefined varia...', '/Applications/M...', 184, Array)
#1 [internal function]: NcategoriesController->postSave('L4a9y-AIIs')
#2 /Applications/MAMP/htdocs/laravel_codecanyon/protected/vendor/laravel/framework/src/Illuminate/Routing/Controller.php(231): call_user_func_array(Array, Array)
#3 /Applications/MAMP/htdocs/laravel_codecanyon/protected/vendor/laravel/framework/src/Illuminate/Routing/ControllerDispatcher.php(93): Illuminate\Routing\Controller->callAction('postSave', Array)
#4 /Applications/MAMP/htdocs/laravel_codecanyon/protected/vendor/laravel/framework/src/Illuminate/Routing/ControllerDispatcher.php(62): Illuminate\Routing\ControllerDispatcher->call(Object(NcategoriesController), Object(Illuminate\Routing\Route), 'postSave')
#5 /Applications/MAMP/htdocs/laravel_codecanyon/protected/vendor/laravel/framework/src/Illuminate/Routing/Router.php(934): Illuminate\Routing\ControllerDispatcher->dispatch(Object(Illuminate\Routing\Route), Object(Illuminate\Http\Request), 'NcategoriesCont...', 'postSave')
#6 [internal function]: Illuminate\Routing\Router->Illuminate\Routing\{closure}('L4a9y-AIIs')
#7 /Applications/MAMP/htdocs/laravel_codecanyon/protected/vendor/laravel/framework/src/Illuminate/Routing/Route.php(104): call_user_func_array(Object(Closure), Array)
#8 /Applications/MAMP/htdocs/laravel_codecanyon/protected/vendor/laravel/framework/src/Illuminate/Routing/Router.php(1000): Illuminate\Routing\Route->run(Object(Illuminate\Http\Request))
#9 /Applications/MAMP/htdocs/laravel_codecanyon/protected/vendor/laravel/framework/src/Illuminate/Routing/Router.php(968): Illuminate\Routing\Router->dispatchToRoute(Object(Illuminate\Http\Request))
#10 /Applications/MAMP/htdocs/laravel_codecanyon/protected/vendor/laravel/framework/src/Illuminate/Foundation/Application.php(738): Illuminate\Routing\Router->dispatch(Object(Illuminate\Http\Request))
#11 /Applications/MAMP/htdocs/laravel_codecanyon/protected/vendor/laravel/framework/src/Illuminate/Foundation/Application.php(708): Illuminate\Foundation\Application->dispatch(Object(Illuminate\Http\Request))
#12 /Applications/MAMP/htdocs/laravel_codecanyon/protected/vendor/laravel/framework/src/Illuminate/Http/FrameGuard.php(38): Illuminate\Foundation\Application->handle(Object(Illuminate\Http\Request), 1, true)
#13 /Applications/MAMP/htdocs/laravel_codecanyon/protected/vendor/laravel/framework/src/Illuminate/Session/Middleware.php(72): Illuminate\Http\FrameGuard->handle(Object(Illuminate\Http\Request), 1, true)
#14 /Applications/MAMP/htdocs/laravel_codecanyon/protected/vendor/laravel/framework/src/Illuminate/Cookie/Queue.php(47): Illuminate\Session\Middleware->handle(Object(Illuminate\Http\Request), 1, true)
#15 /Applications/MAMP/htdocs/laravel_codecanyon/protected/vendor/laravel/framework/src/Illuminate/Cookie/Guard.php(51): Illuminate\Cookie\Queue->handle(Object(Illuminate\Http\Request), 1, true)
#16 /Applications/MAMP/htdocs/laravel_codecanyon/protected/vendor/stack/builder/src/Stack/StackedHttpKernel.php(23): Illuminate\Cookie\Guard->handle(Object(Illuminate\Http\Request), 1, true)
#17 /Applications/MAMP/htdocs/laravel_codecanyon/protected/vendor/laravel/framework/src/Illuminate/Foundation/Application.php(606): Stack\StackedHttpKernel->handle(Object(Illuminate\Http\Request))
#18 /Applications/MAMP/htdocs/laravel_codecanyon/index.php(49): Illuminate\Foundation\Application->run()
#19 {main} [] []
